<?xml version="1.0" encoding="UTF-8"?>
<testng-results ignored="0" total="9" passed="8" failed="1" skipped="0">
  <reporter-output>
  </reporter-output>
  <suite started-at="2023-01-18T15:57:27Z" name="opencart" finished-at="2023-01-18T15:59:56Z" duration-ms="149045">
    <groups>
    </groups>
    <test started-at="2023-01-18T15:57:27Z" name="Test" finished-at="2023-01-18T15:59:56Z" duration-ms="149045">
      <class name="demo.opencart.TC_HomePage">
        <test-method is-config="true" signature="setUp()[pri:0, instance:demo.opencart.TC_HomePage@ba54932]" started-at="2023-01-18T15:57:27Z" name="setUp" finished-at="2023-01-18T15:57:35Z" duration-ms="7813" status="PASS">
          <reporter-output>
          </reporter-output>
        </test-method> <!-- setUp -->
        <test-method signature="NavBarHomePage()[pri:0, instance:demo.opencart.TC_HomePage@ba54932]" started-at="2023-01-18T15:57:35Z" name="NavBarHomePage" description="Navigation Bar Test" finished-at="2023-01-18T15:57:35Z" duration-ms="239" status="PASS">
          <reporter-output>
          </reporter-output>
        </test-method> <!-- NavBarHomePage -->
        <test-method signature="NavBarDesktopOptionList()[pri:1, instance:demo.opencart.TC_HomePage@ba54932]" started-at="2023-01-18T15:57:35Z" name="NavBarDesktopOptionList" description="Desktop Tab Option list Test" finished-at="2023-01-18T15:57:48Z" duration-ms="12679" status="PASS">
          <reporter-output>
          </reporter-output>
        </test-method> <!-- NavBarDesktopOptionList -->
        <test-method signature="NavBarLaptopNotebookOptionList()[pri:2, instance:demo.opencart.TC_HomePage@ba54932]" started-at="2023-01-18T15:57:48Z" name="NavBarLaptopNotebookOptionList" description="Laptop&amp;Notebooks Tab Option list Test" finished-at="2023-01-18T15:58:00Z" duration-ms="12192" status="PASS">
          <reporter-output>
          </reporter-output>
        </test-method> <!-- NavBarLaptopNotebookOptionList -->
        <test-method signature="NavBarComponentsOptionList()[pri:3, instance:demo.opencart.TC_HomePage@ba54932]" started-at="2023-01-18T15:58:00Z" name="NavBarComponentsOptionList" description="Components Tab Option list Test" finished-at="2023-01-18T15:58:27Z" duration-ms="27315" status="PASS">
          <reporter-output>
          </reporter-output>
        </test-method> <!-- NavBarComponentsOptionList -->
        <test-method signature="NavBarTabletsOptionList()[pri:4, instance:demo.opencart.TC_HomePage@ba54932]" started-at="2023-01-18T15:58:27Z" name="NavBarTabletsOptionList" description="Tablets Tab Option list Test" finished-at="2023-01-18T15:58:40Z" duration-ms="12889" status="PASS">
          <reporter-output>
          </reporter-output>
        </test-method> <!-- NavBarTabletsOptionList -->
        <test-method signature="NavBarSoftwareOptionList()[pri:5, instance:demo.opencart.TC_HomePage@ba54932]" started-at="2023-01-18T15:58:40Z" name="NavBarSoftwareOptionList" description="Software Tab Option list Test" finished-at="2023-01-18T15:58:53Z" duration-ms="12548" status="PASS">
          <reporter-output>
          </reporter-output>
        </test-method> <!-- NavBarSoftwareOptionList -->
        <test-method signature="NavBarPhonesPDAsOptionList()[pri:6, instance:demo.opencart.TC_HomePage@ba54932]" started-at="2023-01-18T15:58:53Z" name="NavBarPhonesPDAsOptionList" description="Phones&amp;PDAs Tab Option list Test" finished-at="2023-01-18T15:59:06Z" duration-ms="12833" status="PASS">
          <reporter-output>
          </reporter-output>
        </test-method> <!-- NavBarPhonesPDAsOptionList -->
        <test-method signature="NavBarCamerasOptionList()[pri:7, instance:demo.opencart.TC_HomePage@ba54932]" started-at="2023-01-18T15:59:06Z" name="NavBarCamerasOptionList" description="Cameras Tab Option list Test" finished-at="2023-01-18T15:59:19Z" duration-ms="12810" status="PASS">
          <reporter-output>
          </reporter-output>
        </test-method> <!-- NavBarCamerasOptionList -->
        <test-method signature="NavBarMP3PlayerOptionList()[pri:8, instance:demo.opencart.TC_HomePage@ba54932]" started-at="2023-01-18T15:59:19Z" name="NavBarMP3PlayerOptionList" description="MP3 Players Tab Option list Test" finished-at="2023-01-18T15:59:56Z" duration-ms="37582" status="FAIL">
          <exception class="org.openqa.selenium.NoSuchElementException">
            <message>
              <![CDATA[no such element: Unable to locate element: {"method":"xpath","selector":"//div[@class='dropdown-menu show']//div[@class='dropdown-inner']//ul[@class='list-unstyled']//li[6]"}
  (Session info: chrome=109.0.5414.75)
For documentation on this error, please visit: https://www.seleniumhq.org/exceptions/no_such_element.html
Build info: version: '3.141.59', revision: 'e82be7d358', time: '2018-11-14T08:17:03'
System info: host: 'PF2J3VVK-AL1', ip: '192.168.1.124', os.name: 'Windows 10', os.arch: 'amd64', os.version: '10.0', java.version: '15.0.1'
Driver info: org.openqa.selenium.chrome.ChromeDriver
Capabilities {acceptInsecureCerts: false, browserName: chrome, browserVersion: 109.0.5414.75, chrome: {chromedriverVersion: 109.0.5414.74 (e7c5703604da..., userDataDir: C:\Users\14506437\AppData\L...}, goog:chromeOptions: {debuggerAddress: localhost:49851}, javascriptEnabled: true, networkConnectionEnabled: false, pageLoadStrategy: normal, platform: WINDOWS, platformName: WINDOWS, proxy: Proxy(), setWindowRect: true, strictFileInteractability: false, timeouts: {implicit: 0, pageLoad: 300000, script: 30000}, unhandledPromptBehavior: dismiss and notify, webauthn:extension:credBlob: true, webauthn:extension:largeBlob: true, webauthn:virtualAuthenticators: true}
Session ID: 942b3e6436876424e3912bc893ce2a10
*** Element info: {Using=xpath, value=//div[@class='dropdown-menu show']//div[@class='dropdown-inner']//ul[@class='list-unstyled']//li[6]}]]>
            </message>
            <full-stacktrace>
              <![CDATA[org.openqa.selenium.NoSuchElementException: no such element: Unable to locate element: {"method":"xpath","selector":"//div[@class='dropdown-menu show']//div[@class='dropdown-inner']//ul[@class='list-unstyled']//li[6]"}
  (Session info: chrome=109.0.5414.75)
For documentation on this error, please visit: https://www.seleniumhq.org/exceptions/no_such_element.html
Build info: version: '3.141.59', revision: 'e82be7d358', time: '2018-11-14T08:17:03'
System info: host: 'PF2J3VVK-AL1', ip: '192.168.1.124', os.name: 'Windows 10', os.arch: 'amd64', os.version: '10.0', java.version: '15.0.1'
Driver info: org.openqa.selenium.chrome.ChromeDriver
Capabilities {acceptInsecureCerts: false, browserName: chrome, browserVersion: 109.0.5414.75, chrome: {chromedriverVersion: 109.0.5414.74 (e7c5703604da..., userDataDir: C:\Users\14506437\AppData\L...}, goog:chromeOptions: {debuggerAddress: localhost:49851}, javascriptEnabled: true, networkConnectionEnabled: false, pageLoadStrategy: normal, platform: WINDOWS, platformName: WINDOWS, proxy: Proxy(), setWindowRect: true, strictFileInteractability: false, timeouts: {implicit: 0, pageLoad: 300000, script: 30000}, unhandledPromptBehavior: dismiss and notify, webauthn:extension:credBlob: true, webauthn:extension:largeBlob: true, webauthn:virtualAuthenticators: true}
Session ID: 942b3e6436876424e3912bc893ce2a10
*** Element info: {Using=xpath, value=//div[@class='dropdown-menu show']//div[@class='dropdown-inner']//ul[@class='list-unstyled']//li[6]}
at java.base/jdk.internal.reflect.NativeConstructorAccessorImpl.newInstance0(Native Method)
at java.base/jdk.internal.reflect.NativeConstructorAccessorImpl.newInstance(NativeConstructorAccessorImpl.java:64)
at java.base/jdk.internal.reflect.DelegatingConstructorAccessorImpl.newInstance(DelegatingConstructorAccessorImpl.java:45)
at java.base/java.lang.reflect.Constructor.newInstanceWithCaller(Constructor.java:500)
at java.base/java.lang.reflect.Constructor.newInstance(Constructor.java:481)
at org.openqa.selenium.remote.http.W3CHttpResponseCodec.createException(W3CHttpResponseCodec.java:187)
at org.openqa.selenium.remote.http.W3CHttpResponseCodec.decode(W3CHttpResponseCodec.java:122)
at org.openqa.selenium.remote.http.W3CHttpResponseCodec.decode(W3CHttpResponseCodec.java:49)
at org.openqa.selenium.remote.HttpCommandExecutor.execute(HttpCommandExecutor.java:158)
at org.openqa.selenium.remote.service.DriverCommandExecutor.execute(DriverCommandExecutor.java:83)
at org.openqa.selenium.remote.RemoteWebDriver.execute(RemoteWebDriver.java:552)
at org.openqa.selenium.remote.RemoteWebDriver.findElement(RemoteWebDriver.java:323)
at org.openqa.selenium.remote.RemoteWebDriver.findElementByXPath(RemoteWebDriver.java:428)
at org.openqa.selenium.By$ByXPath.findElement(By.java:353)
at org.openqa.selenium.remote.RemoteWebDriver.findElement(RemoteWebDriver.java:315)
at demo.opencart.pages.HomePage.validateMp3PlayersTabOptionLinks(HomePage.java:365)
at demo.opencart.TC_HomePage.NavBarMP3PlayerOptionList(TC_HomePage.java:76)
at java.base/jdk.internal.reflect.NativeMethodAccessorImpl.invoke0(Native Method)
at java.base/jdk.internal.reflect.NativeMethodAccessorImpl.invoke(NativeMethodAccessorImpl.java:64)
at java.base/jdk.internal.reflect.DelegatingMethodAccessorImpl.invoke(DelegatingMethodAccessorImpl.java:43)
at java.base/java.lang.reflect.Method.invoke(Method.java:564)
at org.testng.internal.MethodInvocationHelper.invokeMethod(MethodInvocationHelper.java:124)
at org.testng.internal.Invoker.invokeMethod(Invoker.java:583)
at org.testng.internal.Invoker.invokeTestMethod(Invoker.java:719)
at org.testng.internal.Invoker.invokeTestMethods(Invoker.java:989)
at org.testng.internal.TestMethodWorker.invokeTestMethods(TestMethodWorker.java:125)
at org.testng.internal.TestMethodWorker.run(TestMethodWorker.java:109)
at org.testng.TestRunner.privateRun(TestRunner.java:648)
at org.testng.TestRunner.run(TestRunner.java:505)
at org.testng.SuiteRunner.runTest(SuiteRunner.java:455)
at org.testng.SuiteRunner.runSequentially(SuiteRunner.java:450)
at org.testng.SuiteRunner.privateRun(SuiteRunner.java:415)
at org.testng.SuiteRunner.run(SuiteRunner.java:364)
at org.testng.SuiteRunnerWorker.runSuite(SuiteRunnerWorker.java:52)
at org.testng.SuiteRunnerWorker.run(SuiteRunnerWorker.java:84)
at org.testng.TestNG.runSuitesSequentially(TestNG.java:1208)
at org.testng.TestNG.runSuitesLocally(TestNG.java:1137)
at org.testng.TestNG.runSuites(TestNG.java:1049)
at org.testng.TestNG.run(TestNG.java:1017)
at org.testng.remote.AbstractRemoteTestNG.run(AbstractRemoteTestNG.java:115)
at org.testng.remote.RemoteTestNG.initAndRun(RemoteTestNG.java:251)
at org.testng.remote.RemoteTestNG.main(RemoteTestNG.java:77)
]]>
            </full-stacktrace>
          </exception> <!-- org.openqa.selenium.NoSuchElementException -->
          <reporter-output>
          </reporter-output>
        </test-method> <!-- NavBarMP3PlayerOptionList -->
        <test-method is-config="true" signature="closeBrowser()[pri:0, instance:demo.opencart.TC_HomePage@ba54932]" started-at="2023-01-18T15:59:56Z" name="closeBrowser" finished-at="2023-01-18T15:59:56Z" duration-ms="108" status="PASS">
          <reporter-output>
          </reporter-output>
        </test-method> <!-- closeBrowser -->
      </class> <!-- demo.opencart.TC_HomePage -->
    </test> <!-- Test -->
  </suite> <!-- opencart -->
</testng-results>
